      {
        "_index": "logs-endpoint-winevent-security-2020.05.21",
        "_type": "_doc",
        "_id": "0c718788e84e9feae397ee03396c24522fd9a1f6",
        "_score": 11.3977585,
        "_source": {
          "event_status_value": "This is either due to a bad username or authentication information",
          "process_id": 0,
          "user_reporter_sid": "S-1-0-0",
          "reporter_logon_id": "0x0",
          "src_port": "0",
          "src_ip_rfc": "RFC_1366",
          "meta_user_name_is_machine": "false",
          "logon_type": "3",
          "z_logstash_pipeline": [
            "0098",
            "fingerprint-winlogbeats7",
            "winlogbeat_7-field_nest_cleanup",
            "winlogbeat_7-copy_to_originals",
            "1500",
            "1521",
            "1522",
            "1524_2",
            "1532",
            "1542_1",
            "1544_2",
            "1544_7",
            "1545_2",
            "winevent-hostname-cleanup",
            "winevent-user_name-is-machine-account"
          ],
          "event_id": 4625,
          "activity_id": "{4883362C-2DCC-0000-5636-8348CC2DD601}",
          "type": "wineventlog",
          "logon_failure_reason": "%%2313",
          "beat_hostname": "EC2AMAZ-HNNJ0V9",
          "src_ip_addr": "185.209.0.34",
          "event_status": "This is either due to a bad username or authentication information",
          "log_ingest_timestamp": "2020-05-21T05:07:19.258Z",
          "opcode": "Info",
          "event": {
            "kind": "event",
            "code": 4625,
            "action": "Logon",
            "created": "2020-05-21T05:07:20.601Z",
            "provider": "Microsoft-Windows-Security-Auditing"
          },
          "tags": [
            "_geoip_lookup_failure"
          ],
          "ecs": {
            "version": "1.1.0"
          },
          "agent": {
            "ephemeral_id": "98c4ce29-bba4-4e48-be53-d41dbeeac8d6",
            "version": "7.5.2",
            "id": "9384c6f4-5c4e-4be3-8f84-457ffd79416f",
            "hostname": "EC2AMAZ-HNNJ0V9",
            "type": "winlogbeat"
          },
          "log": {
            "level": "information"
          },
          "log_name": "Security",
          "logon_authentication_package_name": "ntlm",
          "src_ip_public": true,
          "src_ip_type": "public",
          "thread_id": 964,
          "winlog": {
            "opcode": "Info",
            "record_id": 1164813,
            "api": "wineventlog",
            "computer_name": "ec2amaz-hnnj0v9",
            "provider_guid": "{54849625-5478-4994-A5BA-3E3B0328C30D}",
            "event_id": 4625,
            "activity_id": "{4883362C-2DCC-0000-5636-8348CC2DD601}",
            "provider_name": "Microsoft-Windows-Security-Auditing",
            "channel": "Security",
            "task": "Logon",
            "process": {
              "pid": 712,
              "thread": {
                "id": 964
              }
            },
            "keywords": [
              "Audit Failure"
            ]
          },
          "record_number": 1164813,
          "logon_key_length": "0",
          "task": "Logon",
          "z_original_message": "An account failed to log on.\n\nSubject:\n\tSecurity ID:\t\tS-1-0-0\n\tAccount Name:\t\t-\n\tAccount Domain:\t\t-\n\tLogon ID:\t\t0x0\n\nLogon Type:\t\t\t3\n\nAccount For Which Logon Failed:\n\tSecurity ID:\t\tS-1-0-0\n\tAccount Name:\t\t@\n\tAccount Domain:\t\t\n\nFailure Information:\n\tFailure Reason:\t\tUnknown user name or bad password.\n\tStatus:\t\t\t0xC000006D\n\tSub Status:\t\t0xC0000064\n\nProcess Information:\n\tCaller Process ID:\t0x0\n\tCaller Process Name:\t-\n\nNetwork Information:\n\tWorkstation Name:\t-\n\tSource Network Address:\t185.209.0.34\n\tSource Port:\t\t0\n\nDetailed Authentication Information:\n\tLogon Process:\t\tNtLmSsp \n\tAuthentication Package:\tNTLM\n\tTransited Services:\t-\n\tPackage Name (NTLM only):\t-\n\tKey Length:\t\t0\n\nThis event is generated when a logon request fails. It is generated on the computer where access was attempted.\n\nThe Subject fields indicate the account on the local system which requested the logon. This is most commonly a service such as the Server service, or a local process such as Winlogon.exe or Services.exe.\n\nThe Logon Type field indicates the kind of logon that was requested. The most common types are 2 (interactive) and 3 (network).\n\nThe Process Information fields indicate which account and process on the system requested the logon.\n\nThe Network Information fields indicate where a remote logon request originated. Workstation name is not always available and may be left blank in some cases.\n\nThe authentication information fields provide detailed information about this specific logon request.\n\t- Transited services indicate which intermediate services have participated in this logon request.\n\t- Package name indicates which sub-protocol was used among the NTLM protocols.\n\t- Key length indicates the length of the generated session key. This will be 0 if no session key was requested.",
          "level": "information",
          "event_sub_status": "0xc0000064",
          "meta_src_ip_geo": {
            "country_name": "Latvia",
            "latitude": 57.0,
            "country_code3": "LV",
            "location": {
              "lon": 25.0,
              "lat": 57.0
            },
            "timezone": "Europe/Riga",
            "continent_code": "EU",
            "country_code2": "LV",
            "longitude": 25.0
          },
          "event_sub_status_value": "User logon with misspelled or bad user account",
          "src_ip_version": "4",
          "logon_process_name": "ntlmssp ",
          "@timestamp": "2020-05-21T05:07:19.258Z",
          "provider_guid": "54849625-5478-4994-A5BA-3E3B0328C30D",
          "user_sid": "S-1-0-0",
          "host_name": "ec2amaz-hnnj0v9",
          "source_name": "Microsoft-Windows-Security-Auditing",
          "beat_version": "7.5.2",
          "keywords": [
            "Audit Failure"
          ],
          "user_name": "@",
          "@version": "1"
        }
      },
      {
        "_index": "logs-endpoint-winevent-security-2020.05.21",
        "_type": "_doc",
        "_id": "0a8eec60a0eeecfade44499b77a62e9aaf979561",
        "_score": 11.3977585,
        "_source": {
          "event_status_value": "This is either due to a bad username or authentication information",
          "process_id": 0,
          "user_reporter_sid": "S-1-0-0",
          "reporter_logon_id": "0x0",
          "src_port": "0",
          "src_ip_rfc": "RFC_1366",
          "meta_user_name_is_machine": "false",
          "logon_type": "3",
          "z_logstash_pipeline": [
            "0098",
            "fingerprint-winlogbeats7",
            "winlogbeat_7-field_nest_cleanup",
            "winlogbeat_7-copy_to_originals",
            "1500",
            "1521",
            "1522",
            "1524_2",
            "1532",
            "1542_1",
            "1544_2",
            "1544_7",
            "1545_2",
            "winevent-hostname-cleanup",
            "winevent-user_name-is-machine-account"
          ],
          "event_id": 4625,
          "activity_id": "{4883362C-2DCC-0000-5636-8348CC2DD601}",
          "type": "wineventlog",
          "logon_failure_reason": "%%2313",
          "beat_hostname": "EC2AMAZ-HNNJ0V9",
          "src_ip_addr": "185.209.0.132",
          "event_status": "This is either due to a bad username or authentication information",
          "log_ingest_timestamp": "2020-05-21T06:05:26.743Z",
          "opcode": "Info",
          "event": {
            "kind": "event",
            "action": "Logon",
            "code": 4625,
            "created": "2020-05-21T06:05:27.736Z",
            "provider": "Microsoft-Windows-Security-Auditing"
          },
          "tags": [
            "_geoip_lookup_failure"
          ],
          "agent": {
            "ephemeral_id": "98c4ce29-bba4-4e48-be53-d41dbeeac8d6",
            "version": "7.5.2",
            "id": "9384c6f4-5c4e-4be3-8f84-457ffd79416f",
            "hostname": "EC2AMAZ-HNNJ0V9",
            "type": "winlogbeat"
          },
          "ecs": {
            "version": "1.1.0"
          },
          "log": {
            "level": "information"
          },
          "log_name": "Security",
          "logon_authentication_package_name": "ntlm",
          "src_ip_public": true,
          "src_ip_type": "public",
          "thread_id": 5252,
          "winlog": {
            "opcode": "Info",
            "record_id": 1209301,
            "computer_name": "ec2amaz-hnnj0v9",
            "api": "wineventlog",
            "provider_guid": "{54849625-5478-4994-A5BA-3E3B0328C30D}",
            "event_id": 4625,
            "activity_id": "{4883362C-2DCC-0000-5636-8348CC2DD601}",
            "channel": "Security",
            "provider_name": "Microsoft-Windows-Security-Auditing",
            "task": "Logon",
            "process": {
              "pid": 712,
              "thread": {
                "id": 5252
              }
            },
            "keywords": [
              "Audit Failure"
            ]
          },
          "record_number": 1209301,
          "logon_key_length": "0",
          "task": "Logon",
          "z_original_message": "An account failed to log on.\n\nSubject:\n\tSecurity ID:\t\tS-1-0-0\n\tAccount Name:\t\t-\n\tAccount Domain:\t\t-\n\tLogon ID:\t\t0x0\n\nLogon Type:\t\t\t3\n\nAccount For Which Logon Failed:\n\tSecurity ID:\t\tS-1-0-0\n\tAccount Name:\t\t@\n\tAccount Domain:\t\t\n\nFailure Information:\n\tFailure Reason:\t\tUnknown user name or bad password.\n\tStatus:\t\t\t0xC000006D\n\tSub Status:\t\t0xC0000064\n\nProcess Information:\n\tCaller Process ID:\t0x0\n\tCaller Process Name:\t-\n\nNetwork Information:\n\tWorkstation Name:\t-\n\tSource Network Address:\t185.209.0.132\n\tSource Port:\t\t0\n\nDetailed Authentication Information:\n\tLogon Process:\t\tNtLmSsp \n\tAuthentication Package:\tNTLM\n\tTransited Services:\t-\n\tPackage Name (NTLM only):\t-\n\tKey Length:\t\t0\n\nThis event is generated when a logon request fails. It is generated on the computer where access was attempted.\n\nThe Subject fields indicate the account on the local system which requested the logon. This is most commonly a service such as the Server service, or a local process such as Winlogon.exe or Services.exe.\n\nThe Logon Type field indicates the kind of logon that was requested. The most common types are 2 (interactive) and 3 (network).\n\nThe Process Information fields indicate which account and process on the system requested the logon.\n\nThe Network Information fields indicate where a remote logon request originated. Workstation name is not always available and may be left blank in some cases.\n\nThe authentication information fields provide detailed information about this specific logon request.\n\t- Transited services indicate which intermediate services have participated in this logon request.\n\t- Package name indicates which sub-protocol was used among the NTLM protocols.\n\t- Key length indicates the length of the generated session key. This will be 0 if no session key was requested.",
          "level": "information",
          "event_sub_status": "0xc0000064",
          "meta_src_ip_geo": {
            "country_name": "Latvia",
            "latitude": 57.0,
            "country_code3": "LV",
            "location": {
              "lon": 25.0,
              "lat": 57.0
            },
            "timezone": "Europe/Riga",
            "continent_code": "EU",
            "country_code2": "LV",
            "longitude": 25.0
          },
          "event_sub_status_value": "User logon with misspelled or bad user account",
          "src_ip_version": "4",
          "logon_process_name": "ntlmssp ",
          "@timestamp": "2020-05-21T06:05:26.743Z",
          "provider_guid": "54849625-5478-4994-A5BA-3E3B0328C30D",
          "user_sid": "S-1-0-0",
          "host_name": "ec2amaz-hnnj0v9",
          "source_name": "Microsoft-Windows-Security-Auditing",
          "beat_version": "7.5.2",
          "keywords": [
            "Audit Failure"
          ],
          "user_name": "@",
          "@version": "1"
        }
      },
      {
        "_index": "logs-endpoint-winevent-security-2020.05.21",
        "_type": "_doc",
        "_id": "b4dcddb41ef94bae4c25d65dbeba7711edcac75a",
        "_score": 11.3977585,
        "_source": {
          "event_status_value": "This is either due to a bad username or authentication information",
          "process_id": 0,
          "user_reporter_sid": "S-1-0-0",
          "reporter_logon_id": "0x0",
          "src_port": "0",
          "src_ip_rfc": "RFC_1366",
          "meta_user_name_is_machine": "false",
          "logon_type": "3",
          "z_logstash_pipeline": [
            "0098",
            "fingerprint-winlogbeats7",
            "winlogbeat_7-field_nest_cleanup",
            "winlogbeat_7-copy_to_originals",
            "1500",
            "1521",
            "1522",
            "1524_2",
            "1532",
            "1542_1",
            "1544_2",
            "1544_7",
            "1545_2",
            "winevent-hostname-cleanup",
            "winevent-user_name-is-machine-account"
          ],
          "event_id": 4625,
          "activity_id": "{4883362C-2DCC-0000-5636-8348CC2DD601}",
          "type": "wineventlog",
          "logon_failure_reason": "%%2313",
          "beat_hostname": "EC2AMAZ-HNNJ0V9",
          "src_ip_addr": "185.209.0.42",
          "event_status": "This is either due to a bad username or authentication information",
          "log_ingest_timestamp": "2020-05-21T09:24:27.752Z",
          "opcode": "Info",
          "event": {
            "kind": "event",
            "code": 4625,
            "action": "Logon",
            "created": "2020-05-21T09:24:28.322Z",
            "provider": "Microsoft-Windows-Security-Auditing"
          },
          "tags": [
            "_geoip_lookup_failure"
          ],
          "ecs": {
            "version": "1.1.0"
          },
          "agent": {
            "ephemeral_id": "98c4ce29-bba4-4e48-be53-d41dbeeac8d6",
            "version": "7.5.2",
            "id": "9384c6f4-5c4e-4be3-8f84-457ffd79416f",
            "hostname": "EC2AMAZ-HNNJ0V9",
            "type": "winlogbeat"
          },
          "log": {
            "level": "information"
          },
          "log_name": "Security",
          "logon_authentication_package_name": "ntlm",
          "src_ip_public": true,
          "src_ip_type": "public",
          "thread_id": 5796,
          "winlog": {
            "opcode": "Info",
            "record_id": 1344793,
            "api": "wineventlog",
            "computer_name": "ec2amaz-hnnj0v9",
            "provider_guid": "{54849625-5478-4994-A5BA-3E3B0328C30D}",
            "event_id": 4625,
            "activity_id": "{4883362C-2DCC-0000-5636-8348CC2DD601}",
            "task": "Logon",
            "channel": "Security",
            "provider_name": "Microsoft-Windows-Security-Auditing",
            "process": {
              "pid": 712,
              "thread": {
                "id": 5796
              }
            },
            "keywords": [
              "Audit Failure"
            ]
          },
          "record_number": 1344793,
          "logon_key_length": "0",
          "task": "Logon",
          "z_original_message": "An account failed to log on.\n\nSubject:\n\tSecurity ID:\t\tS-1-0-0\n\tAccount Name:\t\t-\n\tAccount Domain:\t\t-\n\tLogon ID:\t\t0x0\n\nLogon Type:\t\t\t3\n\nAccount For Which Logon Failed:\n\tSecurity ID:\t\tS-1-0-0\n\tAccount Name:\t\t@\n\tAccount Domain:\t\t\n\nFailure Information:\n\tFailure Reason:\t\tUnknown user name or bad password.\n\tStatus:\t\t\t0xC000006D\n\tSub Status:\t\t0xC0000064\n\nProcess Information:\n\tCaller Process ID:\t0x0\n\tCaller Process Name:\t-\n\nNetwork Information:\n\tWorkstation Name:\t-\n\tSource Network Address:\t185.209.0.42\n\tSource Port:\t\t0\n\nDetailed Authentication Information:\n\tLogon Process:\t\tNtLmSsp \n\tAuthentication Package:\tNTLM\n\tTransited Services:\t-\n\tPackage Name (NTLM only):\t-\n\tKey Length:\t\t0\n\nThis event is generated when a logon request fails. It is generated on the computer where access was attempted.\n\nThe Subject fields indicate the account on the local system which requested the logon. This is most commonly a service such as the Server service, or a local process such as Winlogon.exe or Services.exe.\n\nThe Logon Type field indicates the kind of logon that was requested. The most common types are 2 (interactive) and 3 (network).\n\nThe Process Information fields indicate which account and process on the system requested the logon.\n\nThe Network Information fields indicate where a remote logon request originated. Workstation name is not always available and may be left blank in some cases.\n\nThe authentication information fields provide detailed information about this specific logon request.\n\t- Transited services indicate which intermediate services have participated in this logon request.\n\t- Package name indicates which sub-protocol was used among the NTLM protocols.\n\t- Key length indicates the length of the generated session key. This will be 0 if no session key was requested.",
          "level": "information",
          "event_sub_status": "0xc0000064",
          "meta_src_ip_geo": {
            "country_name": "Latvia",
            "latitude": 57.0,
            "country_code3": "LV",
            "location": {
              "lon": 25.0,
              "lat": 57.0
            },
            "timezone": "Europe/Riga",
            "continent_code": "EU",
            "country_code2": "LV",
            "longitude": 25.0
          },
          "event_sub_status_value": "User logon with misspelled or bad user account",
          "src_ip_version": "4",
          "logon_process_name": "ntlmssp ",
          "@timestamp": "2020-05-21T09:24:27.752Z",
          "provider_guid": "54849625-5478-4994-A5BA-3E3B0328C30D",
          "user_sid": "S-1-0-0",
          "host_name": "ec2amaz-hnnj0v9",
          "source_name": "Microsoft-Windows-Security-Auditing",
          "beat_version": "7.5.2",
          "keywords": [
            "Audit Failure"
          ],
          "user_name": "@",
          "@version": "1"
        }
      },
      {
        "_index": "logs-endpoint-winevent-security-2020.05.21",
        "_type": "_doc",
        "_id": "1c88fba930a9ce9e5f00cb855031a58e1df90964",
        "_score": 11.3977585,
        "_source": {
          "event_status_value": "This is either due to a bad username or authentication information",
          "process_id": 0,
          "user_reporter_sid": "S-1-0-0",
          "reporter_logon_id": "0x0",
          "src_port": "0",
          "src_ip_rfc": "RFC_1366",
          "meta_user_name_is_machine": "false",
          "logon_type": "3",
          "z_logstash_pipeline": [
            "0098",
            "fingerprint-winlogbeats7",
            "winlogbeat_7-field_nest_cleanup",
            "winlogbeat_7-copy_to_originals",
            "1500",
            "1521",
            "1522",
            "1524_2",
            "1532",
            "1542_1",
            "1544_2",
            "1544_7",
            "1545_2",
            "winevent-hostname-cleanup",
            "winevent-user_name-is-machine-account"
          ],
          "event_id": 4625,
          "activity_id": "{4883362C-2DCC-0000-5636-8348CC2DD601}",
          "type": "wineventlog",
          "logon_failure_reason": "%%2313",
          "beat_hostname": "EC2AMAZ-HNNJ0V9",
          "src_ip_addr": "185.209.0.104",
          "event_status": "This is either due to a bad username or authentication information",
          "log_ingest_timestamp": "2020-05-21T08:23:22.263Z",
          "opcode": "Info",
          "event": {
            "kind": "event",
            "code": 4625,
            "action": "Logon",
            "created": "2020-05-21T08:23:23.394Z",
            "provider": "Microsoft-Windows-Security-Auditing"
          },
          "tags": [
            "_geoip_lookup_failure"
          ],
          "ecs": {
            "version": "1.1.0"
          },
          "agent": {
            "ephemeral_id": "98c4ce29-bba4-4e48-be53-d41dbeeac8d6",
            "version": "7.5.2",
            "id": "9384c6f4-5c4e-4be3-8f84-457ffd79416f",
            "hostname": "EC2AMAZ-HNNJ0V9",
            "type": "winlogbeat"
          },
          "log": {
            "level": "information"
          },
          "log_name": "Security",
          "logon_authentication_package_name": "ntlm",
          "src_ip_public": true,
          "src_ip_type": "public",
          "thread_id": 736,
          "winlog": {
            "opcode": "Info",
            "record_id": 1308980,
            "api": "wineventlog",
            "computer_name": "ec2amaz-hnnj0v9",
            "provider_guid": "{54849625-5478-4994-A5BA-3E3B0328C30D}",
            "event_id": 4625,
            "activity_id": "{4883362C-2DCC-0000-5636-8348CC2DD601}",
            "provider_name": "Microsoft-Windows-Security-Auditing",
            "channel": "Security",
            "task": "Logon",
            "process": {
              "pid": 712,
              "thread": {
                "id": 736
              }
            },
            "keywords": [
              "Audit Failure"
            ]
          },
          "record_number": 1308980,
          "logon_key_length": "0",
          "task": "Logon",
          "z_original_message": "An account failed to log on.\n\nSubject:\n\tSecurity ID:\t\tS-1-0-0\n\tAccount Name:\t\t-\n\tAccount Domain:\t\t-\n\tLogon ID:\t\t0x0\n\nLogon Type:\t\t\t3\n\nAccount For Which Logon Failed:\n\tSecurity ID:\t\tS-1-0-0\n\tAccount Name:\t\t@\n\tAccount Domain:\t\t\n\nFailure Information:\n\tFailure Reason:\t\tUnknown user name or bad password.\n\tStatus:\t\t\t0xC000006D\n\tSub Status:\t\t0xC0000064\n\nProcess Information:\n\tCaller Process ID:\t0x0\n\tCaller Process Name:\t-\n\nNetwork Information:\n\tWorkstation Name:\t-\n\tSource Network Address:\t185.209.0.104\n\tSource Port:\t\t0\n\nDetailed Authentication Information:\n\tLogon Process:\t\tNtLmSsp \n\tAuthentication Package:\tNTLM\n\tTransited Services:\t-\n\tPackage Name (NTLM only):\t-\n\tKey Length:\t\t0\n\nThis event is generated when a logon request fails. It is generated on the computer where access was attempted.\n\nThe Subject fields indicate the account on the local system which requested the logon. This is most commonly a service such as the Server service, or a local process such as Winlogon.exe or Services.exe.\n\nThe Logon Type field indicates the kind of logon that was requested. The most common types are 2 (interactive) and 3 (network).\n\nThe Process Information fields indicate which account and process on the system requested the logon.\n\nThe Network Information fields indicate where a remote logon request originated. Workstation name is not always available and may be left blank in some cases.\n\nThe authentication information fields provide detailed information about this specific logon request.\n\t- Transited services indicate which intermediate services have participated in this logon request.\n\t- Package name indicates which sub-protocol was used among the NTLM protocols.\n\t- Key length indicates the length of the generated session key. This will be 0 if no session key was requested.",
          "level": "information",
          "event_sub_status": "0xc0000064",
          "meta_src_ip_geo": {
            "country_name": "Latvia",
            "latitude": 57.0,
            "country_code3": "LV",
            "location": {
              "lon": 25.0,
              "lat": 57.0
            },
            "timezone": "Europe/Riga",
            "continent_code": "EU",
            "country_code2": "LV",
            "longitude": 25.0
          },
          "event_sub_status_value": "User logon with misspelled or bad user account",
          "src_ip_version": "4",
          "logon_process_name": "ntlmssp ",
          "@timestamp": "2020-05-21T08:23:22.263Z",
          "provider_guid": "54849625-5478-4994-A5BA-3E3B0328C30D",
          "user_sid": "S-1-0-0",
          "host_name": "ec2amaz-hnnj0v9",
          "source_name": "Microsoft-Windows-Security-Auditing",
          "beat_version": "7.5.2",
          "keywords": [
            "Audit Failure"
          ],
          "user_name": "@",
          "@version": "1"
        }
      },
      {
        "_index": "logs-endpoint-winevent-security-2020.05.21",
        "_type": "_doc",
        "_id": "94fab8a0bb9c8fae4978563b41e99fff14bd95bc",
        "_score": 11.3977585,
        "_source": {
          "event_status_value": "This is either due to a bad username or authentication information",
          "process_id": 0,
          "user_reporter_sid": "S-1-0-0",
          "reporter_logon_id": "0x0",
          "src_port": "0",
          "src_ip_rfc": "RFC_1366",
          "meta_user_name_is_machine": "false",
          "logon_type": "3",
          "z_logstash_pipeline": [
            "0098",
            "fingerprint-winlogbeats7",
            "winlogbeat_7-field_nest_cleanup",
            "winlogbeat_7-copy_to_originals",
            "1500",
            "1521",
            "1522",
            "1524_2",
            "1532",
            "1542_1",
            "1544_2",
            "1544_7",
            "1545_2",
            "winevent-hostname-cleanup",
            "winevent-user_name-is-machine-account"
          ],
          "event_id": 4625,
          "activity_id": "{4883362C-2DCC-0000-5636-8348CC2DD601}",
          "type": "wineventlog",
          "logon_failure_reason": "%%2313",
          "beat_hostname": "EC2AMAZ-HNNJ0V9",
          "src_ip_addr": "185.209.0.119",
          "event_status": "This is either due to a bad username or authentication information",
          "log_ingest_timestamp": "2020-05-21T08:18:11.060Z",
          "opcode": "Info",
          "event": {
            "kind": "event",
            "code": 4625,
            "action": "Logon",
            "created": "2020-05-21T08:18:12.920Z",
            "provider": "Microsoft-Windows-Security-Auditing"
          },
          "tags": [
            "_geoip_lookup_failure"
          ],
          "ecs": {
            "version": "1.1.0"
          },
          "agent": {
            "ephemeral_id": "98c4ce29-bba4-4e48-be53-d41dbeeac8d6",
            "version": "7.5.2",
            "id": "9384c6f4-5c4e-4be3-8f84-457ffd79416f",
            "hostname": "EC2AMAZ-HNNJ0V9",
            "type": "winlogbeat"
          },
          "log": {
            "level": "information"
          },
          "log_name": "Security",
          "logon_authentication_package_name": "ntlm",
          "src_ip_public": true,
          "src_ip_type": "public",
          "thread_id": 1356,
          "winlog": {
            "opcode": "Info",
            "record_id": 1305612,
            "api": "wineventlog",
            "computer_name": "ec2amaz-hnnj0v9",
            "provider_guid": "{54849625-5478-4994-A5BA-3E3B0328C30D}",
            "event_id": 4625,
            "activity_id": "{4883362C-2DCC-0000-5636-8348CC2DD601}",
            "channel": "Security",
            "task": "Logon",
            "provider_name": "Microsoft-Windows-Security-Auditing",
            "process": {
              "pid": 712,
              "thread": {
                "id": 1356
              }
            },
            "keywords": [
              "Audit Failure"
            ]
          },
          "record_number": 1305612,
          "logon_key_length": "0",
          "task": "Logon",
          "z_original_message": "An account failed to log on.\n\nSubject:\n\tSecurity ID:\t\tS-1-0-0\n\tAccount Name:\t\t-\n\tAccount Domain:\t\t-\n\tLogon ID:\t\t0x0\n\nLogon Type:\t\t\t3\n\nAccount For Which Logon Failed:\n\tSecurity ID:\t\tS-1-0-0\n\tAccount Name:\t\t@\n\tAccount Domain:\t\t\n\nFailure Information:\n\tFailure Reason:\t\tUnknown user name or bad password.\n\tStatus:\t\t\t0xC000006D\n\tSub Status:\t\t0xC0000064\n\nProcess Information:\n\tCaller Process ID:\t0x0\n\tCaller Process Name:\t-\n\nNetwork Information:\n\tWorkstation Name:\t-\n\tSource Network Address:\t185.209.0.119\n\tSource Port:\t\t0\n\nDetailed Authentication Information:\n\tLogon Process:\t\tNtLmSsp \n\tAuthentication Package:\tNTLM\n\tTransited Services:\t-\n\tPackage Name (NTLM only):\t-\n\tKey Length:\t\t0\n\nThis event is generated when a logon request fails. It is generated on the computer where access was attempted.\n\nThe Subject fields indicate the account on the local system which requested the logon. This is most commonly a service such as the Server service, or a local process such as Winlogon.exe or Services.exe.\n\nThe Logon Type field indicates the kind of logon that was requested. The most common types are 2 (interactive) and 3 (network).\n\nThe Process Information fields indicate which account and process on the system requested the logon.\n\nThe Network Information fields indicate where a remote logon request originated. Workstation name is not always available and may be left blank in some cases.\n\nThe authentication information fields provide detailed information about this specific logon request.\n\t- Transited services indicate which intermediate services have participated in this logon request.\n\t- Package name indicates which sub-protocol was used among the NTLM protocols.\n\t- Key length indicates the length of the generated session key. This will be 0 if no session key was requested.",
          "level": "information",
          "event_sub_status": "0xc0000064",
          "meta_src_ip_geo": {
            "country_name": "Latvia",
            "latitude": 57.0,
            "country_code3": "LV",
            "location": {
              "lon": 25.0,
              "lat": 57.0
            },
            "timezone": "Europe/Riga",
            "continent_code": "EU",
            "country_code2": "LV",
            "longitude": 25.0
          },
          "event_sub_status_value": "User logon with misspelled or bad user account",
          "src_ip_version": "4",
          "logon_process_name": "ntlmssp ",
          "@timestamp": "2020-05-21T08:18:11.060Z",
          "provider_guid": "54849625-5478-4994-A5BA-3E3B0328C30D",
          "user_sid": "S-1-0-0",
          "host_name": "ec2amaz-hnnj0v9",
          "source_name": "Microsoft-Windows-Security-Auditing",
          "beat_version": "7.5.2",
          "keywords": [
            "Audit Failure"
          ],
          "user_name": "@",
          "@version": "1"
        }
      },
      {
        "_index": "logs-endpoint-winevent-security-2020.05.21",
        "_type": "_doc",
        "_id": "69de505b26130856942516a0d68447c3c348a9a1",
        "_score": 11.3977585,
        "_source": {
          "event_status_value": "This is either due to a bad username or authentication information",
          "process_id": 0,
          "user_reporter_sid": "S-1-0-0",
          "reporter_logon_id": "0x0",
          "src_port": "0",
          "src_ip_rfc": "RFC_1366",
          "meta_user_name_is_machine": "false",
          "logon_type": "3",
          "z_logstash_pipeline": [
            "0098",
            "fingerprint-winlogbeats7",
            "winlogbeat_7-field_nest_cleanup",
            "winlogbeat_7-copy_to_originals",
            "1500",
            "1521",
            "1522",
            "1524_2",
            "1532",
            "1542_1",
            "1544_2",
            "1544_7",
            "1545_2",
            "winevent-hostname-cleanup",
            "winevent-user_name-is-machine-account"
          ],
          "event_id": 4625,
          "activity_id": "{4883362C-2DCC-0000-5636-8348CC2DD601}",
          "type": "wineventlog",
          "logon_failure_reason": "%%2313",
          "beat_hostname": "EC2AMAZ-HNNJ0V9",
          "src_ip_addr": "185.209.0.137",
          "event_status": "This is either due to a bad username or authentication information",
          "log_ingest_timestamp": "2020-05-21T18:30:11.928Z",
          "opcode": "Info",
          "event": {
            "kind": "event",
            "action": "Logon",
            "code": 4625,
            "created": "2020-05-21T18:30:12.847Z",
            "provider": "Microsoft-Windows-Security-Auditing"
          },
          "tags": [
            "_geoip_lookup_failure"
          ],
          "ecs": {
            "version": "1.1.0"
          },
          "agent": {
            "ephemeral_id": "98c4ce29-bba4-4e48-be53-d41dbeeac8d6",
            "version": "7.5.2",
            "id": "9384c6f4-5c4e-4be3-8f84-457ffd79416f",
            "hostname": "EC2AMAZ-HNNJ0V9",
            "type": "winlogbeat"
          },
          "log": {
            "level": "information"
          },
          "log_name": "Security",
          "logon_authentication_package_name": "ntlm",
          "src_ip_public": true,
          "src_ip_type": "public",
          "thread_id": 4652,
          "winlog": {
            "opcode": "Info",
            "record_id": 1501716,
            "computer_name": "ec2amaz-hnnj0v9",
            "api": "wineventlog",
            "provider_guid": "{54849625-5478-4994-A5BA-3E3B0328C30D}",
            "event_id": 4625,
            "activity_id": "{4883362C-2DCC-0000-5636-8348CC2DD601}",
            "channel": "Security",
            "task": "Logon",
            "provider_name": "Microsoft-Windows-Security-Auditing",
            "process": {
              "pid": 712,
              "thread": {
                "id": 4652
              }
            },
            "keywords": [
              "Audit Failure"
            ]
          },
          "record_number": 1501716,
          "logon_key_length": "0",
          "task": "Logon",
          "z_original_message": "An account failed to log on.\n\nSubject:\n\tSecurity ID:\t\tS-1-0-0\n\tAccount Name:\t\t-\n\tAccount Domain:\t\t-\n\tLogon ID:\t\t0x0\n\nLogon Type:\t\t\t3\n\nAccount For Which Logon Failed:\n\tSecurity ID:\t\tS-1-0-0\n\tAccount Name:\t\t@\n\tAccount Domain:\t\t\n\nFailure Information:\n\tFailure Reason:\t\tUnknown user name or bad password.\n\tStatus:\t\t\t0xC000006D\n\tSub Status:\t\t0xC0000064\n\nProcess Information:\n\tCaller Process ID:\t0x0\n\tCaller Process Name:\t-\n\nNetwork Information:\n\tWorkstation Name:\t-\n\tSource Network Address:\t185.209.0.137\n\tSource Port:\t\t0\n\nDetailed Authentication Information:\n\tLogon Process:\t\tNtLmSsp \n\tAuthentication Package:\tNTLM\n\tTransited Services:\t-\n\tPackage Name (NTLM only):\t-\n\tKey Length:\t\t0\n\nThis event is generated when a logon request fails. It is generated on the computer where access was attempted.\n\nThe Subject fields indicate the account on the local system which requested the logon. This is most commonly a service such as the Server service, or a local process such as Winlogon.exe or Services.exe.\n\nThe Logon Type field indicates the kind of logon that was requested. The most common types are 2 (interactive) and 3 (network).\n\nThe Process Information fields indicate which account and process on the system requested the logon.\n\nThe Network Information fields indicate where a remote logon request originated. Workstation name is not always available and may be left blank in some cases.\n\nThe authentication information fields provide detailed information about this specific logon request.\n\t- Transited services indicate which intermediate services have participated in this logon request.\n\t- Package name indicates which sub-protocol was used among the NTLM protocols.\n\t- Key length indicates the length of the generated session key. This will be 0 if no session key was requested.",
          "level": "information",
          "event_sub_status": "0xc0000064",
          "meta_src_ip_geo": {
            "country_name": "Latvia",
            "latitude": 57.0,
            "country_code3": "LV",
            "location": {
              "lon": 25.0,
              "lat": 57.0
            },
            "timezone": "Europe/Riga",
            "continent_code": "EU",
            "country_code2": "LV",
            "longitude": 25.0
          },
          "event_sub_status_value": "User logon with misspelled or bad user account",
          "src_ip_version": "4",
          "logon_process_name": "ntlmssp ",
          "@timestamp": "2020-05-21T18:30:11.928Z",
          "provider_guid": "54849625-5478-4994-A5BA-3E3B0328C30D",
          "user_sid": "S-1-0-0",
          "host_name": "ec2amaz-hnnj0v9",
          "source_name": "Microsoft-Windows-Security-Auditing",
          "beat_version": "7.5.2",
          "keywords": [
            "Audit Failure"
          ],
          "user_name": "@",
          "@version": "1"
        }
      },
      {
        "_index": "logs-endpoint-winevent-security-2020.05.21",
        "_type": "_doc",
        "_id": "b5c53693b2eeff1abc00d75f5d6c1741e973d226",
        "_score": 11.3977585,
        "_source": {
          "event_status_value": "This is either due to a bad username or authentication information",
          "process_id": 0,
          "user_reporter_sid": "S-1-0-0",
          "reporter_logon_id": "0x0",
          "src_port": "0",
          "src_ip_rfc": "RFC_1366",
          "meta_user_name_is_machine": "false",
          "logon_type": "3",
          "z_logstash_pipeline": [
            "0098",
            "fingerprint-winlogbeats7",
            "winlogbeat_7-field_nest_cleanup",
            "winlogbeat_7-copy_to_originals",
            "1500",
            "1521",
            "1522",
            "1524_2",
            "1532",
            "1542_1",
            "1544_2",
            "1544_7",
            "1545_2",
            "winevent-hostname-cleanup",
            "winevent-user_name-is-machine-account"
          ],
          "event_id": 4625,
          "activity_id": "{4883362C-2DCC-0000-5636-8348CC2DD601}",
          "type": "wineventlog",
          "logon_failure_reason": "%%2313",
          "beat_hostname": "EC2AMAZ-HNNJ0V9",
          "src_ip_addr": "185.209.0.137",
          "event_status": "This is either due to a bad username or authentication information",
          "log_ingest_timestamp": "2020-05-21T18:22:53.749Z",
          "opcode": "Info",
          "event": {
            "kind": "event",
            "code": 4625,
            "action": "Logon",
            "created": "2020-05-21T18:22:54.344Z",
            "provider": "Microsoft-Windows-Security-Auditing"
          },
          "tags": [
            "_geoip_lookup_failure"
          ],
          "ecs": {
            "version": "1.1.0"
          },
          "agent": {
            "ephemeral_id": "98c4ce29-bba4-4e48-be53-d41dbeeac8d6",
            "version": "7.5.2",
            "id": "9384c6f4-5c4e-4be3-8f84-457ffd79416f",
            "hostname": "EC2AMAZ-HNNJ0V9",
            "type": "winlogbeat"
          },
          "log": {
            "level": "information"
          },
          "log_name": "Security",
          "logon_authentication_package_name": "ntlm",
          "src_ip_public": true,
          "src_ip_type": "public",
          "thread_id": 964,
          "winlog": {
            "opcode": "Info",
            "record_id": 1500434,
            "computer_name": "ec2amaz-hnnj0v9",
            "api": "wineventlog",
            "provider_guid": "{54849625-5478-4994-A5BA-3E3B0328C30D}",
            "event_id": 4625,
            "activity_id": "{4883362C-2DCC-0000-5636-8348CC2DD601}",
            "provider_name": "Microsoft-Windows-Security-Auditing",
            "channel": "Security",
            "task": "Logon",
            "process": {
              "pid": 712,
              "thread": {
                "id": 964
              }
            },
            "keywords": [
              "Audit Failure"
            ]
          },
          "record_number": 1500434,
          "logon_key_length": "0",
          "task": "Logon",
          "z_original_message": "An account failed to log on.\n\nSubject:\n\tSecurity ID:\t\tS-1-0-0\n\tAccount Name:\t\t-\n\tAccount Domain:\t\t-\n\tLogon ID:\t\t0x0\n\nLogon Type:\t\t\t3\n\nAccount For Which Logon Failed:\n\tSecurity ID:\t\tS-1-0-0\n\tAccount Name:\t\t@\n\tAccount Domain:\t\t\n\nFailure Information:\n\tFailure Reason:\t\tUnknown user name or bad password.\n\tStatus:\t\t\t0xC000006D\n\tSub Status:\t\t0xC0000064\n\nProcess Information:\n\tCaller Process ID:\t0x0\n\tCaller Process Name:\t-\n\nNetwork Information:\n\tWorkstation Name:\t-\n\tSource Network Address:\t185.209.0.137\n\tSource Port:\t\t0\n\nDetailed Authentication Information:\n\tLogon Process:\t\tNtLmSsp \n\tAuthentication Package:\tNTLM\n\tTransited Services:\t-\n\tPackage Name (NTLM only):\t-\n\tKey Length:\t\t0\n\nThis event is generated when a logon request fails. It is generated on the computer where access was attempted.\n\nThe Subject fields indicate the account on the local system which requested the logon. This is most commonly a service such as the Server service, or a local process such as Winlogon.exe or Services.exe.\n\nThe Logon Type field indicates the kind of logon that was requested. The most common types are 2 (interactive) and 3 (network).\n\nThe Process Information fields indicate which account and process on the system requested the logon.\n\nThe Network Information fields indicate where a remote logon request originated. Workstation name is not always available and may be left blank in some cases.\n\nThe authentication information fields provide detailed information about this specific logon request.\n\t- Transited services indicate which intermediate services have participated in this logon request.\n\t- Package name indicates which sub-protocol was used among the NTLM protocols.\n\t- Key length indicates the length of the generated session key. This will be 0 if no session key was requested.",
          "level": "information",
          "event_sub_status": "0xc0000064",
          "meta_src_ip_geo": {
            "country_name": "Latvia",
            "latitude": 57.0,
            "country_code3": "LV",
            "location": {
              "lon": 25.0,
              "lat": 57.0
            },
            "timezone": "Europe/Riga",
            "continent_code": "EU",
            "country_code2": "LV",
            "longitude": 25.0
          },
          "event_sub_status_value": "User logon with misspelled or bad user account",
          "src_ip_version": "4",
          "logon_process_name": "ntlmssp ",
          "@timestamp": "2020-05-21T18:22:53.749Z",
          "provider_guid": "54849625-5478-4994-A5BA-3E3B0328C30D",
          "user_sid": "S-1-0-0",
          "host_name": "ec2amaz-hnnj0v9",
          "source_name": "Microsoft-Windows-Security-Auditing",
          "beat_version": "7.5.2",
          "keywords": [
            "Audit Failure"
          ],
          "user_name": "@",
          "@version": "1"
        }
      }
    ]
  }
}
{
  "took": 2925,
  "timed_out": false,
  "_shards": {
    "total": 68,
    "successful": 68,
    "skipped": 0,
    "failed": 0
  },
  "hits": {
    "total": {
      "value": 0,
      "relation": "eq"
    },
    "max_score": null,
    "hits": []
  }
}
{
  "took": 15,
  "timed_out": false,
  "_shards": {
    "total": 5,
    "successful": 5,
    "skipped": 0,
    "failed": 0
  },
  "hits": {
    "total": {
      "value": 0,
      "relation": "eq"
    },
    "max_score": null,
    "hits": []
  }
}
{
  "took": 143,
  "timed_out": false,
  "_shards": {
    "total": 171,
    "successful": 171,
    "skipped": 0,
    "failed": 0
  },
  "hits": {
    "total": 0,
    "max_score": null,
    "hits": []
  }
}
{
  "took": 4879,
  "timed_out": false,
  "_shards": {
    "total": 68,
    "successful": 68,
    "skipped": 0,
    "failed": 0
  },
  "hits": {
    "total": {
      "value": 0,
      "relation": "eq"
    },
    "max_score": null,
    "hits": []
  }
}
{
  "took": 4,
  "timed_out": false,
  "_shards": {
    "total": 4,
    "successful": 4,
    "skipped": 0,
    "failed": 0
  },
  "hits": {
    "total": {
      "value": 0,
      "relation": "eq"
    },
    "max_score": null,
    "hits": []
  }
}
{
  "took": 88,
  "timed_out": false,
  "_shards": {
    "total": 7,
    "successful": 7,
    "skipped": 0,
    "failed": 0
  },
  "hits": {
    "total": {
      "value": 0,
      "relation": "eq"
    },
    "max_score": null,
    "hits": []
  }
}
{
  "took": 501,
  "timed_out": false,
  "_shards": {
    "total": 17,
    "successful": 17,
    "skipped": 0,
    "failed": 0
  },
  "hits": {
    "total": {
      "value": 0,
      "relation": "eq"
    },
    "max_score": null,
    "hits": []
  }
}
{
  "took": 15,
  "timed_out": false,
  "_shards": {
    "total": 5,
    "successful": 5,
    "skipped": 0,
    "failed": 0
  },
  "hits": {
    "total": 0,
    "max_score": null,
    "hits": []
  }
}
{
  "took": 16,
  "timed_out": false,
  "_shards": {
    "total": 25,
    "successful": 25,
    "failed": 0
  },
  "hits": {
    "total": 0,
    "max_score": null,
    "hits": []
  }
}
{
  "took": 6,
  "timed_out": false,
  "_shards": {
    "total": 21,
    "successful": 21,
    "failed": 0
  },
  "hits": {
    "total": 0,
    "max_score": null,
    "hits": []
  }
}
{
  "took": 163,
  "timed_out": false,
  "_shards": {
    "total": 310,
    "successful": 118,
    "skipped": 0,
    "failed": 0
  },
  "hits": {
    "total": 0,
    "max_score": null,
    "hits": []
  }
}
{
  "took": 14,
  "timed_out": false,
  "_shards": {
    "total": 326,
    "successful": 326,
    "skipped": 0,
    "failed": 0
  },
  "hits": {
    "total": 0,
    "max_score": null,
    "hits": []
  }
}
{
  "took": 405,
  "timed_out": false,
  "_shards": {
    "total": 19,
    "successful": 19,
    "skipped": 0,
    "failed": 0
  },
  "hits": {
    "total": {
      "value": 0,
      "relation": "eq"
    },
    "max_score": null,
    "hits": []
  }
}
{
  "took": 755,
  "timed_out": false,
  "_shards": {
    "total": 32,
    "successful": 32,
    "skipped": 0,
    "failed": 0
  },
  "hits": {
    "total": 0,
    "max_score": null,
    "hits": []
  }
}
{
  "took": 658,
  "timed_out": false,
  "_shards": {
    "total": 64,
    "successful": 64,
    "skipped": 0,
    "failed": 0
  },
  "hits": {
    "total": {
      "value": 0,
      "relation": "eq"
    },
    "max_score": null,
    "hits": []
  }
}
{
  "took": 58,
  "timed_out": false,
  "_shards": {
    "total": 93,
    "successful": 93,
    "skipped": 0,
    "failed": 0
  },
  "hits": {
    "total": {
      "value": 0,
      "relation": "eq"
    },
    "max_score": null,
    "hits": []
  }
}
{
  "took": 228,
  "timed_out": false,
  "_shards": {
    "total": 67,
    "successful": 67,
    "skipped": 0,
    "failed": 0
  },
  "hits": {
    "total": {
      "value": 0,
      "relation": "eq"
    },
    "max_score": null,
    "hits": []
  }
}
{
  "took": 2215,
  "timed_out": false,
  "num_reduce_phases": 7,
  "_shards": {
    "total": 3407,
    "successful": 3407,
    "skipped": 0,
    "failed": 0
  },
  "hits": {
    "total": 0,
    "max_score": null,
    "hits": []
  }
}
